------------------------------------------------------------------------------------------------------
      name:  <unnamed>
       log:  /Users/ulaseraslan/Desktop/Graphs/DataAnalysis.log
  log type:  text
 opened on:  27 Jan 2021, 00:19:43

. sum 

    Variable |        Obs        Mean    Std. Dev.       Min        Max
-------------+---------------------------------------------------------
     run_num |        300       150.5    86.74676          1        300
   vrt50_100 |        100    74766.37    17186.05      52861     204453
  vrt100_100 |        100    500397.3    89576.72     342123     929676
  vrt150_100 |        100     1526931    153702.2    1130970    1969730
  vrt200_100 |        100     3540904      379649    2879870    4890680
-------------+---------------------------------------------------------
  vrt250_100 |        100     9773072     3823259    6069120   1.75e+07
   edg50_100 |        100      802.13     44.1015        670        905
  edg100_100 |        100     3168.12    152.1512       2735       3464
  edg150_100 |        100     7113.79    323.9697       6205       7861
  edg200_100 |        100    12644.09    422.2639      11534      13854
-------------+---------------------------------------------------------
  edg250_100 |        100    19860.18    629.7959      18512      21318
   edg50_200 |        200     799.405    50.10723        665        925
  edg100_200 |        200    3158.685    160.5583       2690       3741
  edg150_200 |        200    7112.915    271.7511       6498       7754
  edg200_200 |        200    12671.77     427.017      11446      13585
-------------+---------------------------------------------------------
  edg250_200 |        200    19772.28    613.8001      18045      21438
   vrt50_200 |        200      148019    50379.61      53819     391864
  vrt100_200 |        200     1022022    204607.5     436539    1739690
  vrt150_200 |        200     1634738    250739.8    1183870    2583130
  vrt200_200 |        200     3559253    599056.2    2796980    8334310
-------------+---------------------------------------------------------
  vrt250_200 |        200     9439078     4562700    5426520   4.24e+07
   vrt50_300 |        300    76764.66    24860.29      43883     301557
  vrt100_300 |        300    507161.7    106315.5     334994    1115470
  vrt150_300 |        300     6022282     1221965    1916010   1.25e+07
  vrt200_300 |        301     9581316     3528017    2909800   2.11e+07
-------------+---------------------------------------------------------
  vrt250_300 |        300    1.42e+07     7234112    5847790   3.39e+07
   edg50_300 |        300    791.3433    49.50787        644        918
  edg100_300 |        300    3155.363    154.3731       2670       3538
  edg150_300 |        300    7104.757    274.9854       6348       7940
  edg200_300 |        300    12620.52    478.5277      11314      13888
-------------+---------------------------------------------------------
  edg250_300 |        300    19756.28    628.9471      18222      21513
 lvrt200_200 |        200    15.07475    .1344362   14.84405   15.93589
    lrun_num |        300    4.716353    .9655245          0   5.703783
 ledg250_300 |        300     9.89072    .0318991   9.810385   9.976413

. ci mean vrt50_100 vrt100_100 vrt150_100 vrt200_100 vrt250_100

    Variable |        Obs        Mean    Std. Err.       [95% Conf. Interval]
-------------+---------------------------------------------------------------
   vrt50_100 |        100    74766.37    1718.605        71356.28    78176.46
  vrt100_100 |        100    500397.3    8957.672        482623.3    518171.2
  vrt150_100 |        100     1526931    15370.22         1496433     1557429
  vrt200_100 |        100     3540904     37964.9         3465573     3616234
  vrt250_100 |        100     9773072    382325.9         9014455    1.05e+07

. ci mean vrt50_100 vrt100_100 vrt150_100 vrt200_100 vrt250_100, level(90)

    Variable |        Obs        Mean    Std. Err.       [90% Conf. Interval]
-------------+---------------------------------------------------------------
   vrt50_100 |        100    74766.37    1718.605        71912.81    77619.93
  vrt100_100 |        100    500397.3    8957.672          485524    515270.5
  vrt150_100 |        100     1526931    15370.22         1501410     1552451
  vrt200_100 |        100     3540904     37964.9         3477867     3603940
  vrt250_100 |        100     9773072    382325.9         9138262    1.04e+07

. ci mean vrt50_200 vrt100_200 vrt150_200 vrt200_200 vrt250_200

    Variable |        Obs        Mean    Std. Err.       [95% Conf. Interval]
-------------+---------------------------------------------------------------
   vrt50_200 |        200      148019    3562.376        140994.1    155043.8
  vrt100_200 |        200     1022022    14467.93        993492.2     1050552
  vrt150_200 |        200     1634738    17729.98         1599775     1669701
  vrt200_200 |        200     3559253    42359.67         3475721     3642784
  vrt250_200 |        200     9439078    322631.6         8802863    1.01e+07

. ci mean vrt50_200 vrt100_200 vrt150_200 vrt200_200 vrt250_200, level(90)

    Variable |        Obs        Mean    Std. Err.       [90% Conf. Interval]
-------------+---------------------------------------------------------------
   vrt50_200 |        200      148019    3562.376          142132      153906
  vrt100_200 |        200     1022022    14467.93        998113.4     1045931
  vrt150_200 |        200     1634738    17729.98         1605438     1664037
  vrt200_200 |        200     3559253    42359.67         3489251     3629254
  vrt250_200 |        200     9439078    322631.6         8905914     9972242

. ci mean vrt50_300 vrt100_300 vrt150_300 vrt200_300 vrt250_300

    Variable |        Obs        Mean    Std. Err.       [95% Conf. Interval]
-------------+---------------------------------------------------------------
   vrt50_300 |        300    76764.66     1435.31        73940.07    79589.25
  vrt100_300 |        300    507161.7    6138.128        495082.3    519241.1
  vrt150_300 |        300     6022282    70550.19         5883445     6161120
  vrt200_300 |        301     9581316    203351.5         9181140     9981492
  vrt250_300 |        300    1.42e+07    417661.6        1.34e+07    1.50e+07

. ci mean vrt50_300 vrt100_300 vrt150_300 vrt200_300 vrt250_300, level(90)

    Variable |        Obs        Mean    Std. Err.       [90% Conf. Interval]
-------------+---------------------------------------------------------------
   vrt50_300 |        300    76764.66     1435.31        74396.45    79132.87
  vrt100_300 |        300    507161.7    6138.128          497034    517289.4
  vrt150_300 |        300     6022282    70550.19         5905877     6138688
  vrt200_300 |        301     9581316    203351.5         9245797     9916836
  vrt250_300 |        300    1.42e+07    417661.6        1.35e+07    1.49e+07

. log close
      name:  <unnamed>
       log:  /Users/ulaseraslan/Desktop/Graphs/DataAnalysis.log
  log type:  text
 closed on:  27 Jan 2021, 00:21:30
------------------------------------------------------------------------------------------------------
